#-----------------------------------------------------------
# Vivado v2019.1 (64-bit)
# SW Build 2552052 on Fri May 24 14:49:42 MDT 2019
# IP Build 2548770 on Fri May 24 18:01:18 MDT 2019
# Start of session at: Wed Sep  8 13:55:04 2021
# Process ID: 13672
# Current directory: C:/Users/tomjamf/Lab_2_Part_1
# Command line: vivado.exe -gui_launcher_event rodinguilauncherevent9620 C:\Users\tomjamf\Lab_2_Part_1\Lab_2_Part_1.xpr
# Log file: C:/Users/tomjamf/Lab_2_Part_1/vivado.log
# Journal file: C:/Users/tomjamf/Lab_2_Part_1\vivado.jou
#-----------------------------------------------------------
start_gui
open_project C:/Users/tomjamf/Lab_2_Part_1/Lab_2_Part_1.xpr
Scanning sources...
Finished scanning sources
INFO: [IP_Flow 19-234] Refreshing IP repositories
INFO: [IP_Flow 19-1704] No user IP repositories specified
INFO: [IP_Flow 19-2313] Loaded Vivado IP repository 'C:/Xilinx/Vivado/2019.1/data/ip'.
update_compile_order -fileset sources_1
exit
INFO: [Common 17-206] Exiting Vivado at Wed Sep  8 14:27:24 2021...
